<?xml version="1.0" encoding="UTF-8"?>
<coverage generated="1779583482265" clover="3.2.0">
  <project timestamp="1779583482265" name="All files">
    <metrics statements="44" coveredstatements="33" conditionals="31" coveredconditionals="23" methods="21" coveredmethods="9" elements="96" coveredelements="65" complexity="0" loc="44" ncloc="44" packages="2" files="4" classes="4"/>
    <package name="components">
      <metrics statements="19" coveredstatements="19" conditionals="18" coveredconditionals="15" methods="6" coveredmethods="6"/>
      <file name="Header.tsx" path="/Users/braisrevalderia/Documents/New project/studio-production-pipeline/frontend/components/Header.tsx">
        <metrics statements="2" coveredstatements="2" conditionals="0" coveredconditionals="0" methods="1" coveredmethods="1"/>
        <line num="1" count="1" type="stmt"/>
        <line num="4" count="3" type="stmt"/>
      </file>
      <file name="KanbanBoard.tsx" path="/Users/braisrevalderia/Documents/New project/studio-production-pipeline/frontend/components/KanbanBoard.tsx">
        <metrics statements="11" coveredstatements="11" conditionals="6" coveredconditionals="4" methods="4" coveredmethods="4"/>
        <line num="1" count="1" type="stmt"/>
        <line num="7" count="1" type="stmt"/>
        <line num="18" count="4" type="stmt"/>
        <line num="19" count="4" type="stmt"/>
        <line num="20" count="28" type="stmt"/>
        <line num="21" count="4" type="stmt"/>
        <line num="22" count="9" type="cond" truecount="1" falsecount="1"/>
        <line num="24" count="4" type="stmt"/>
        <line num="27" count="4" type="stmt"/>
        <line num="30" count="28" type="stmt"/>
        <line num="39" count="9" type="stmt"/>
      </file>
      <file name="ProjectCard.tsx" path="/Users/braisrevalderia/Documents/New project/studio-production-pipeline/frontend/components/ProjectCard.tsx">
        <metrics statements="6" coveredstatements="6" conditionals="12" coveredconditionals="11" methods="1" coveredmethods="1"/>
        <line num="1" count="2" type="stmt"/>
        <line num="5" count="2" type="stmt"/>
        <line num="11" count="2" type="stmt"/>
        <line num="22" count="15" type="cond" truecount="2" falsecount="0"/>
        <line num="23" count="15" type="cond" truecount="2" falsecount="0"/>
        <line num="25" count="15" type="stmt"/>
      </file>
    </package>
    <package name="lib">
      <metrics statements="25" coveredstatements="14" conditionals="13" coveredconditionals="8" methods="15" coveredmethods="3"/>
      <file name="api.ts" path="/Users/braisrevalderia/Documents/New project/studio-production-pipeline/frontend/lib/api.ts">
        <metrics statements="25" coveredstatements="14" conditionals="13" coveredconditionals="8" methods="15" coveredmethods="3"/>
        <line num="1" count="1" type="cond" truecount="2" falsecount="0"/>
        <line num="8" count="9" type="stmt"/>
        <line num="9" count="9" type="stmt"/>
        <line num="10" count="9" type="stmt"/>
        <line num="11" count="5" type="cond" truecount="2" falsecount="0"/>
        <line num="12" count="3" type="stmt"/>
        <line num="13" count="3" type="stmt"/>
        <line num="15" count="2" type="stmt"/>
        <line num="17" count="7" type="cond" truecount="2" falsecount="0"/>
        <line num="18" count="5" type="stmt"/>
        <line num="19" count="5" type="stmt"/>
        <line num="21" count="2" type="stmt"/>
        <line num="25" count="1" type="stmt"/>
        <line num="27" count="4" type="cond" truecount="1" falsecount="1"/>
        <line num="28" count="0" type="stmt"/>
        <line num="30" count="0" type="stmt"/>
        <line num="31" count="0" type="stmt"/>
        <line num="32" count="0" type="stmt"/>
        <line num="34" count="0" type="cond" truecount="0" falsecount="2"/>
        <line num="35" count="0" type="stmt"/>
        <line num="37" count="0" type="stmt"/>
        <line num="38" count="0" type="stmt"/>
        <line num="40" count="0" type="stmt"/>
        <line num="42" count="0" type="stmt"/>
        <line num="44" count="0" type="cond" truecount="0" falsecount="2"/>
      </file>
    </package>
  </project>
</coverage>
