{
  "/Users/braisrevalderia/Documents/New project/studio-production-pipeline/frontend/components/Header.tsx": {
    "path": "/Users/braisrevalderia/Documents/New project/studio-production-pipeline/frontend/components/Header.tsx",
    "statementMap": {
      "0": { "start": { "line": 1, "column": 0 }, "end": { "line": 1, "column": null } },
      "1": { "start": { "line": 4, "column": 2 }, "end": { "line": 21, "column": null } }
    },
    "fnMap": {
      "0": {
        "name": "Header",
        "decl": { "start": { "line": 3, "column": 24 }, "end": { "line": 3, "column": 33 } },
        "loc": { "start": { "line": 3, "column": 33 }, "end": { "line": 23, "column": null } },
        "line": 3
      }
    },
    "branchMap": {},
    "s": { "0": 1, "1": 3 },
    "f": { "0": 3 },
    "b": {},
    "meta": {
      "lastBranch": 0,
      "lastFunction": 1,
      "lastStatement": 2,
      "seen": { "s:1:0:1:Infinity": 0, "f:3:24:3:33": 0, "s:4:2:21:Infinity": 1 }
    }
  },
  "/Users/braisrevalderia/Documents/New project/studio-production-pipeline/frontend/components/KanbanBoard.tsx": {
    "path": "/Users/braisrevalderia/Documents/New project/studio-production-pipeline/frontend/components/KanbanBoard.tsx",
    "statementMap": {
      "0": { "start": { "line": 1, "column": 0 }, "end": { "line": 1, "column": null } },
      "1": { "start": { "line": 7, "column": 16 }, "end": { "line": 15, "column": null } },
      "2": { "start": { "line": 18, "column": 8 }, "end": { "line": 25, "column": null } },
      "3": { "start": { "line": 19, "column": 43 }, "end": { "line": 19, "column": null } },
      "4": { "start": { "line": 20, "column": 4 }, "end": { "line": 20, "column": null } },
      "5": { "start": { "line": 20, "column": 31 }, "end": { "line": 20, "column": null } },
      "6": { "start": { "line": 21, "column": 4 }, "end": { "line": 23, "column": null } },
      "7": { "start": { "line": 22, "column": 6 }, "end": { "line": 22, "column": null } },
      "8": { "start": { "line": 22, "column": 25 }, "end": { "line": 22, "column": null } },
      "9": { "start": { "line": 24, "column": 4 }, "end": { "line": 24, "column": null } },
      "10": { "start": { "line": 27, "column": 2 }, "end": { "line": 44, "column": null } },
      "11": { "start": { "line": 30, "column": 8 }, "end": { "line": 42, "column": null } },
      "12": { "start": { "line": 39, "column": 14 }, "end": { "line": 39, "column": null } }
    },
    "fnMap": {
      "0": {
        "name": "KanbanBoard",
        "decl": { "start": { "line": 17, "column": 24 }, "end": { "line": 17, "column": 36 } },
        "loc": { "start": { "line": 17, "column": 75 }, "end": { "line": 46, "column": null } },
        "line": 17
      },
      "1": {
        "name": "(anonymous_1)",
        "decl": { "start": { "line": 18, "column": 18 }, "end": { "line": 18, "column": 32 } },
        "loc": { "start": { "line": 18, "column": 32 }, "end": { "line": 25, "column": 5 } },
        "line": 18
      },
      "2": {
        "name": "(anonymous_2)",
        "decl": { "start": { "line": 29, "column": 15 }, "end": { "line": 29, "column": 20 } },
        "loc": { "start": { "line": 30, "column": 8 }, "end": { "line": 42, "column": null } },
        "line": 30
      },
      "3": {
        "name": "(anonymous_3)",
        "decl": { "start": { "line": 38, "column": 38 }, "end": { "line": 38, "column": 43 } },
        "loc": { "start": { "line": 39, "column": 14 }, "end": { "line": 39, "column": null } },
        "line": 39
      }
    },
    "branchMap": {
      "0": {
        "loc": { "start": { "line": 22, "column": 6 }, "end": { "line": 22, "column": null } },
        "type": "if",
        "locations": [
          { "start": { "line": 22, "column": 6 }, "end": { "line": 22, "column": null } },
          { "start": {}, "end": {} }
        ],
        "line": 22
      },
      "1": {
        "loc": { "start": { "line": 34, "column": 15 }, "end": { "line": 34, "column": null } },
        "type": "binary-expr",
        "locations": [
          { "start": { "line": 34, "column": 15 }, "end": { "line": 34, "column": 43 } },
          { "start": { "line": 34, "column": 43 }, "end": { "line": 34, "column": null } }
        ],
        "line": 34
      },
      "2": {
        "loc": { "start": { "line": 38, "column": 14 }, "end": { "line": 38, "column": 38 } },
        "type": "binary-expr",
        "locations": [
          { "start": { "line": 38, "column": 14 }, "end": { "line": 38, "column": 34 } },
          { "start": { "line": 38, "column": 34 }, "end": { "line": 38, "column": 38 } }
        ],
        "line": 38
      }
    },
    "s": {
      "0": 1,
      "1": 1,
      "2": 4,
      "3": 4,
      "4": 4,
      "5": 28,
      "6": 4,
      "7": 9,
      "8": 9,
      "9": 4,
      "10": 4,
      "11": 28,
      "12": 9
    },
    "f": { "0": 4, "1": 4, "2": 28, "3": 9 },
    "b": { "0": [9, 0], "1": [28, 22], "2": [28, 0] },
    "meta": {
      "lastBranch": 3,
      "lastFunction": 4,
      "lastStatement": 13,
      "seen": {
        "s:1:0:1:Infinity": 0,
        "s:7:16:15:Infinity": 1,
        "f:17:24:17:36": 0,
        "s:18:8:25:Infinity": 2,
        "f:18:18:18:32": 1,
        "s:19:43:19:Infinity": 3,
        "s:20:4:20:Infinity": 4,
        "s:20:31:20:Infinity": 5,
        "s:21:4:23:Infinity": 6,
        "b:22:6:22:Infinity:undefined:undefined:undefined:undefined": 0,
        "s:22:6:22:Infinity": 7,
        "s:22:25:22:Infinity": 8,
        "s:24:4:24:Infinity": 9,
        "s:27:2:44:Infinity": 10,
        "f:29:15:29:20": 2,
        "s:30:8:42:Infinity": 11,
        "b:34:15:34:43:34:43:34:Infinity": 1,
        "b:38:14:38:34:38:34:38:38": 2,
        "f:38:38:38:43": 3,
        "s:39:14:39:Infinity": 12
      }
    }
  },
  "/Users/braisrevalderia/Documents/New project/studio-production-pipeline/frontend/components/ProjectCard.tsx": {
    "path": "/Users/braisrevalderia/Documents/New project/studio-production-pipeline/frontend/components/ProjectCard.tsx",
    "statementMap": {
      "0": { "start": { "line": 1, "column": 0 }, "end": { "line": 1, "column": null } },
      "1": { "start": { "line": 5, "column": 46 }, "end": { "line": 9, "column": null } },
      "2": { "start": { "line": 11, "column": 46 }, "end": { "line": 19, "column": null } },
      "3": { "start": { "line": 22, "column": 16 }, "end": { "line": 22, "column": null } },
      "4": { "start": { "line": 23, "column": 19 }, "end": { "line": 23, "column": null } },
      "5": { "start": { "line": 25, "column": 2 }, "end": { "line": 55, "column": null } }
    },
    "fnMap": {
      "0": {
        "name": "ProjectCard",
        "decl": { "start": { "line": 21, "column": 24 }, "end": { "line": 21, "column": 36 } },
        "loc": { "start": { "line": 21, "column": 71 }, "end": { "line": 57, "column": null } },
        "line": 21
      }
    },
    "branchMap": {
      "0": {
        "loc": { "start": { "line": 22, "column": 16 }, "end": { "line": 22, "column": null } },
        "type": "binary-expr",
        "locations": [
          { "start": { "line": 22, "column": 16 }, "end": { "line": 22, "column": 49 } },
          { "start": { "line": 22, "column": 49 }, "end": { "line": 22, "column": null } }
        ],
        "line": 22
      },
      "1": {
        "loc": { "start": { "line": 23, "column": 19 }, "end": { "line": 23, "column": null } },
        "type": "cond-expr",
        "locations": [
          { "start": { "line": 23, "column": 45 }, "end": { "line": 23, "column": 113 } },
          { "start": { "line": 23, "column": 113 }, "end": { "line": 23, "column": null } }
        ],
        "line": 23
      },
      "2": {
        "loc": { "start": { "line": 31, "column": 61 }, "end": { "line": 31, "column": 115 } },
        "type": "binary-expr",
        "locations": [
          { "start": { "line": 31, "column": 61 }, "end": { "line": 31, "column": 94 } },
          { "start": { "line": 31, "column": 94 }, "end": { "line": 31, "column": 115 } }
        ],
        "line": 31
      },
      "3": {
        "loc": { "start": { "line": 34, "column": 7 }, "end": { "line": 35, "column": null } },
        "type": "binary-expr",
        "locations": [
          { "start": { "line": 34, "column": 7 }, "end": { "line": 34, "column": null } },
          { "start": { "line": 35, "column": 8 }, "end": { "line": 35, "column": null } }
        ],
        "line": 34
      },
      "4": {
        "loc": { "start": { "line": 38, "column": 9 }, "end": { "line": 39, "column": 17 } },
        "type": "binary-expr",
        "locations": [
          { "start": { "line": 38, "column": 9 }, "end": { "line": 38, "column": 41 } },
          { "start": { "line": 38, "column": 41 }, "end": { "line": 39, "column": 17 } }
        ],
        "line": 38
      },
      "5": {
        "loc": { "start": { "line": 39, "column": 9 }, "end": { "line": 42, "column": null } },
        "type": "binary-expr",
        "locations": [
          { "start": { "line": 39, "column": 9 }, "end": { "line": 39, "column": null } },
          { "start": { "line": 40, "column": 10 }, "end": { "line": 42, "column": null } }
        ],
        "line": 39
      }
    },
    "s": { "0": 2, "1": 2, "2": 2, "3": 15, "4": 15, "5": 15 },
    "f": { "0": 15 },
    "b": { "0": [15, 1], "1": [14, 1], "2": [15, 0], "3": [15, 6], "4": [15, 6], "5": [15, 6] },
    "meta": {
      "lastBranch": 6,
      "lastFunction": 1,
      "lastStatement": 6,
      "seen": {
        "s:1:0:1:Infinity": 0,
        "s:5:46:9:Infinity": 1,
        "s:11:46:19:Infinity": 2,
        "f:21:24:21:36": 0,
        "s:22:16:22:Infinity": 3,
        "b:22:16:22:49:22:49:22:Infinity": 0,
        "s:23:19:23:Infinity": 4,
        "b:23:45:23:113:23:113:23:Infinity": 1,
        "s:25:2:55:Infinity": 5,
        "b:31:61:31:94:31:94:31:115": 2,
        "b:34:7:34:Infinity:35:8:35:Infinity": 3,
        "b:38:9:38:41:38:41:39:17": 4,
        "b:39:9:39:Infinity:40:10:42:Infinity": 5
      }
    }
  },
  "/Users/braisrevalderia/Documents/New project/studio-production-pipeline/frontend/lib/api.ts": {
    "path": "/Users/braisrevalderia/Documents/New project/studio-production-pipeline/frontend/lib/api.ts",
    "statementMap": {
      "0": { "start": { "line": 1, "column": 17 }, "end": { "line": 1, "column": null } },
      "1": { "start": { "line": 8, "column": 14 }, "end": { "line": 8, "column": null } },
      "2": { "start": { "line": 9, "column": 2 }, "end": { "line": 22, "column": null } },
      "3": { "start": { "line": 10, "column": 16 }, "end": { "line": 10, "column": null } },
      "4": { "start": { "line": 11, "column": 4 }, "end": { "line": 14, "column": null } },
      "5": { "start": { "line": 12, "column": 19 }, "end": { "line": 12, "column": null } },
      "6": { "start": { "line": 12, "column": 48 }, "end": { "line": 12, "column": 50 } },
      "7": { "start": { "line": 13, "column": 6 }, "end": { "line": 13, "column": null } },
      "8": { "start": { "line": 15, "column": 4 }, "end": { "line": 15, "column": null } },
      "9": { "start": { "line": 17, "column": 4 }, "end": { "line": 20, "column": null } },
      "10": { "start": { "line": 18, "column": 6 }, "end": { "line": 18, "column": null } },
      "11": { "start": { "line": 18, "column": 31 }, "end": { "line": 18, "column": 50 } },
      "12": { "start": { "line": 19, "column": 6 }, "end": { "line": 19, "column": null } },
      "13": { "start": { "line": 21, "column": 4 }, "end": { "line": 21, "column": null } },
      "14": { "start": { "line": 25, "column": 19 }, "end": { "line": 45, "column": null } },
      "15": { "start": { "line": 27, "column": 4 }, "end": { "line": 27, "column": null } },
      "16": { "start": { "line": 28, "column": 30 }, "end": { "line": 28, "column": null } },
      "17": { "start": { "line": 30, "column": 4 }, "end": { "line": 30, "column": null } },
      "18": { "start": { "line": 31, "column": 21 }, "end": { "line": 31, "column": null } },
      "19": { "start": { "line": 32, "column": 22 }, "end": { "line": 32, "column": null } },
      "20": { "start": { "line": 34, "column": 4 }, "end": { "line": 34, "column": null } },
      "21": { "start": { "line": 35, "column": 23 }, "end": { "line": 35, "column": null } },
      "22": { "start": { "line": 37, "column": 4 }, "end": { "line": 37, "column": null } },
      "23": { "start": { "line": 38, "column": 27 }, "end": { "line": 38, "column": null } },
      "24": { "start": { "line": 40, "column": 4 }, "end": { "line": 40, "column": null } },
      "25": { "start": { "line": 42, "column": 4 }, "end": { "line": 42, "column": null } },
      "26": { "start": { "line": 44, "column": 4 }, "end": { "line": 44, "column": null } }
    },
    "fnMap": {
      "0": {
        "name": "fetchJSON",
        "decl": { "start": { "line": 3, "column": 15 }, "end": { "line": 3, "column": null } },
        "loc": { "start": { "line": 7, "column": 14 }, "end": { "line": 23, "column": null } },
        "line": 7
      },
      "1": {
        "name": "(anonymous_1)",
        "decl": { "start": { "line": 12, "column": 36 }, "end": { "line": 12, "column": 48 } },
        "loc": { "start": { "line": 12, "column": 48 }, "end": { "line": 12, "column": 50 } },
        "line": 12
      },
      "2": {
        "name": "(anonymous_2)",
        "decl": { "start": { "line": 18, "column": 16 }, "end": { "line": 18, "column": 25 } },
        "loc": { "start": { "line": 18, "column": 31 }, "end": { "line": 18, "column": 50 } },
        "line": 18
      },
      "3": {
        "name": "(anonymous_3)",
        "decl": { "start": { "line": 26, "column": 2 }, "end": { "line": 26, "column": 16 } },
        "loc": { "start": { "line": 27, "column": 4 }, "end": { "line": 27, "column": null } },
        "line": 27
      },
      "4": {
        "name": "(anonymous_4)",
        "decl": { "start": { "line": 28, "column": 2 }, "end": { "line": 28, "column": 15 } },
        "loc": { "start": { "line": 28, "column": 30 }, "end": { "line": 28, "column": null } },
        "line": 28
      },
      "5": {
        "name": "(anonymous_5)",
        "decl": { "start": { "line": 29, "column": 2 }, "end": { "line": 29, "column": 18 } },
        "loc": { "start": { "line": 30, "column": 4 }, "end": { "line": 30, "column": null } },
        "line": 30
      },
      "6": {
        "name": "(anonymous_6)",
        "decl": { "start": { "line": 31, "column": 2 }, "end": { "line": 31, "column": 21 } },
        "loc": { "start": { "line": 31, "column": 21 }, "end": { "line": 31, "column": null } },
        "line": 31
      },
      "7": {
        "name": "(anonymous_7)",
        "decl": { "start": { "line": 32, "column": 2 }, "end": { "line": 32, "column": 22 } },
        "loc": { "start": { "line": 32, "column": 22 }, "end": { "line": 32, "column": null } },
        "line": 32
      },
      "8": {
        "name": "(anonymous_8)",
        "decl": { "start": { "line": 33, "column": 2 }, "end": { "line": 33, "column": 14 } },
        "loc": { "start": { "line": 34, "column": 4 }, "end": { "line": 34, "column": null } },
        "line": 34
      },
      "9": {
        "name": "(anonymous_9)",
        "decl": { "start": { "line": 35, "column": 2 }, "end": { "line": 35, "column": 23 } },
        "loc": { "start": { "line": 35, "column": 23 }, "end": { "line": 35, "column": null } },
        "line": 35
      },
      "10": {
        "name": "(anonymous_10)",
        "decl": { "start": { "line": 36, "column": 2 }, "end": { "line": 36, "column": 9 } },
        "loc": { "start": { "line": 37, "column": 4 }, "end": { "line": 37, "column": null } },
        "line": 37
      },
      "11": {
        "name": "(anonymous_11)",
        "decl": { "start": { "line": 38, "column": 2 }, "end": { "line": 38, "column": 27 } },
        "loc": { "start": { "line": 38, "column": 27 }, "end": { "line": 38, "column": null } },
        "line": 38
      },
      "12": {
        "name": "(anonymous_12)",
        "decl": { "start": { "line": 39, "column": 2 }, "end": { "line": 39, "column": 21 } },
        "loc": { "start": { "line": 40, "column": 4 }, "end": { "line": 40, "column": null } },
        "line": 40
      },
      "13": {
        "name": "(anonymous_13)",
        "decl": { "start": { "line": 41, "column": 2 }, "end": { "line": 41, "column": 19 } },
        "loc": { "start": { "line": 42, "column": 4 }, "end": { "line": 42, "column": null } },
        "line": 42
      },
      "14": {
        "name": "(anonymous_14)",
        "decl": { "start": { "line": 43, "column": 2 }, "end": { "line": 43, "column": 19 } },
        "loc": { "start": { "line": 44, "column": 4 }, "end": { "line": 44, "column": null } },
        "line": 44
      }
    },
    "branchMap": {
      "0": {
        "loc": { "start": { "line": 1, "column": 17 }, "end": { "line": 1, "column": null } },
        "type": "binary-expr",
        "locations": [
          { "start": { "line": 1, "column": 17 }, "end": { "line": 1, "column": 52 } },
          { "start": { "line": 1, "column": 52 }, "end": { "line": 1, "column": null } }
        ],
        "line": 1
      },
      "1": {
        "loc": { "start": { "line": 6, "column": 2 }, "end": { "line": 6, "column": null } },
        "type": "default-arg",
        "locations": [
          { "start": { "line": 6, "column": 12 }, "end": { "line": 6, "column": null } }
        ],
        "line": 6
      },
      "2": {
        "loc": { "start": { "line": 11, "column": 4 }, "end": { "line": 14, "column": null } },
        "type": "if",
        "locations": [
          { "start": { "line": 11, "column": 4 }, "end": { "line": 14, "column": null } },
          { "start": {}, "end": {} }
        ],
        "line": 11
      },
      "3": {
        "loc": { "start": { "line": 17, "column": 4 }, "end": { "line": 20, "column": null } },
        "type": "if",
        "locations": [
          { "start": { "line": 17, "column": 4 }, "end": { "line": 20, "column": null } },
          { "start": {}, "end": {} }
        ],
        "line": 17
      },
      "4": {
        "loc": { "start": { "line": 27, "column": 37 }, "end": { "line": 27, "column": 57 } },
        "type": "cond-expr",
        "locations": [
          { "start": { "line": 27, "column": 42 }, "end": { "line": 27, "column": 53 } },
          { "start": { "line": 27, "column": 53 }, "end": { "line": 27, "column": 57 } }
        ],
        "line": 27
      },
      "5": {
        "loc": { "start": { "line": 34, "column": 33 }, "end": { "line": 34, "column": 53 } },
        "type": "cond-expr",
        "locations": [
          { "start": { "line": 34, "column": 38 }, "end": { "line": 34, "column": 49 } },
          { "start": { "line": 34, "column": 49 }, "end": { "line": 34, "column": 53 } }
        ],
        "line": 34
      },
      "6": {
        "loc": { "start": { "line": 44, "column": 44 }, "end": { "line": 44, "column": 64 } },
        "type": "cond-expr",
        "locations": [
          { "start": { "line": 44, "column": 49 }, "end": { "line": 44, "column": 60 } },
          { "start": { "line": 44, "column": 60 }, "end": { "line": 44, "column": 64 } }
        ],
        "line": 44
      }
    },
    "s": {
      "0": 1,
      "1": 9,
      "2": 9,
      "3": 9,
      "4": 5,
      "5": 3,
      "6": 0,
      "7": 3,
      "8": 2,
      "9": 7,
      "10": 5,
      "11": 5,
      "12": 5,
      "13": 2,
      "14": 1,
      "15": 4,
      "16": 0,
      "17": 0,
      "18": 0,
      "19": 0,
      "20": 0,
      "21": 0,
      "22": 0,
      "23": 0,
      "24": 0,
      "25": 0,
      "26": 0
    },
    "f": {
      "0": 9,
      "1": 0,
      "2": 5,
      "3": 4,
      "4": 0,
      "5": 0,
      "6": 0,
      "7": 0,
      "8": 0,
      "9": 0,
      "10": 0,
      "11": 0,
      "12": 0,
      "13": 0,
      "14": 0
    },
    "b": { "0": [1, 1], "1": [9], "2": [3, 2], "3": [5, 2], "4": [0, 4], "5": [0, 0], "6": [0, 0] },
    "meta": {
      "lastBranch": 7,
      "lastFunction": 15,
      "lastStatement": 27,
      "seen": {
        "s:1:17:1:Infinity": 0,
        "b:1:17:1:52:1:52:1:Infinity": 0,
        "f:3:15:3:Infinity": 0,
        "b:6:12:6:Infinity": 1,
        "s:8:14:8:Infinity": 1,
        "s:9:2:22:Infinity": 2,
        "s:10:16:10:Infinity": 3,
        "b:11:4:14:Infinity:undefined:undefined:undefined:undefined": 2,
        "s:11:4:14:Infinity": 4,
        "s:12:19:12:Infinity": 5,
        "f:12:36:12:48": 1,
        "s:12:48:12:50": 6,
        "s:13:6:13:Infinity": 7,
        "s:15:4:15:Infinity": 8,
        "b:17:4:20:Infinity:undefined:undefined:undefined:undefined": 3,
        "s:17:4:20:Infinity": 9,
        "s:18:6:18:Infinity": 10,
        "f:18:16:18:25": 2,
        "s:18:31:18:50": 11,
        "s:19:6:19:Infinity": 12,
        "s:21:4:21:Infinity": 13,
        "s:25:19:45:Infinity": 14,
        "f:26:2:26:16": 3,
        "s:27:4:27:Infinity": 15,
        "b:27:42:27:53:27:53:27:57": 4,
        "f:28:2:28:15": 4,
        "s:28:30:28:Infinity": 16,
        "f:29:2:29:18": 5,
        "s:30:4:30:Infinity": 17,
        "f:31:2:31:21": 6,
        "s:31:21:31:Infinity": 18,
        "f:32:2:32:22": 7,
        "s:32:22:32:Infinity": 19,
        "f:33:2:33:14": 8,
        "s:34:4:34:Infinity": 20,
        "b:34:38:34:49:34:49:34:53": 5,
        "f:35:2:35:23": 9,
        "s:35:23:35:Infinity": 21,
        "f:36:2:36:9": 10,
        "s:37:4:37:Infinity": 22,
        "f:38:2:38:27": 11,
        "s:38:27:38:Infinity": 23,
        "f:39:2:39:21": 12,
        "s:40:4:40:Infinity": 24,
        "f:41:2:41:19": 13,
        "s:42:4:42:Infinity": 25,
        "f:43:2:43:19": 14,
        "s:44:4:44:Infinity": 26,
        "b:44:49:44:60:44:60:44:64": 6
      }
    }
  }
}
